  goldKey.cpp
  Land.cpp
  Application.cpp
C:\dev\imgui\examples\example_win32_directx10\Application.cpp(16,32): warning C4459: 'landPrice' 선언은 전역 선언을 숨깁니다.
C:\dev\imgui\examples\example_win32_directx10\player.h(4,12): message : 'landPrice' 선언을 참조하십시오.
C:\dev\imgui\examples\example_win32_directx10\Application.cpp(17,33): warning C4459: 'hotelPrice' 선언은 전역 선언을 숨깁니다.
C:\dev\imgui\examples\example_win32_directx10\player.h(5,12): message : 'hotelPrice' 선언을 참조하십시오.
C:\dev\imgui\examples\example_win32_directx10\Application.cpp(18,31): warning C4459: 'landToll' 선언은 전역 선언을 숨깁니다.
C:\dev\imgui\examples\example_win32_directx10\player.h(6,12): message : 'landToll' 선언을 참조하십시오.
C:\dev\imgui\examples\example_win32_directx10\Application.cpp(19,31): warning C4459: 'hotelFee' 선언은 전역 선언을 숨깁니다.
C:\dev\imgui\examples\example_win32_directx10\player.h(7,12): message : 'hotelFee' 선언을 참조하십시오.
  player.cpp
C:\dev\imgui\examples\example_win32_directx10\player.cpp(22,15): warning C4244: '인수': 'time_t'에서 'unsigned int'(으)로 변환하면서 데이터가 손실될 수 있습니다.
C:\dev\imgui\examples\example_win32_directx10\player.cpp(164,15): warning C4244: '인수': 'time_t'에서 'unsigned int'(으)로 변환하면서 데이터가 손실될 수 있습니다.
  코드를 생성하고 있습니다.
C:\dev\imgui\examples\example_win32_directx10\player.cpp(27): warning C4172: 지역 변수 또는 임시: ret의 주소를 반환하고 있습니다.
  960 of 1908 functions (50.3%) were compiled, the rest were copied from previous compilation.
    44 functions were new in current compilation
    231 functions had inline decision re-evaluated but remain unchanged
  코드를 생성했습니다.
  example_win32_directx10.vcxproj -> C:\dev\imgui\examples\example_win32_directx10\Release\example_win32_directx10.exe
